<?xml version="1.0" encoding="UTF-8"?>
<!-- Generated by org.testng.reporters.JUnitXMLReporter -->
<testsuite ignored="2" hostname="Prinu" failures="1" tests="2" name="Test" time="13.942" errors="0" timestamp="2020-07-19T01:01:25 IST">
  <testcase classname="com.geminisols.countries_test_automation.TC02" name="validateAllMissingCountryInDB" time="13.811">
    <failure type="java.lang.AssertionError" message="expected [false] but found [true]">
      <![CDATA[java.lang.AssertionError: expected [false] but found [true]
at com.geminisols.countries_test_automation.TestBase.addVaidationStep(TestBase.java:77)
at com.geminisols.countries_test_automation.TC02.validateAllMissingCountryInDB(TC02.java:100)
at java.base/java.util.ArrayList.forEach(ArrayList.java:1540)
at com.geminisols.countries_test_automation.Launcher.main(Launcher.java:61)
at org.codehaus.mojo.exec.ExecJavaMojo$1.run(ExecJavaMojo.java:282)
at java.base/java.lang.Thread.run(Thread.java:834)
... Removed 32 stack frames]]>
    </failure>
  </testcase> <!-- validateAllMissingCountryInDB -->
  <testcase classname="com.geminisols.countries_test_automation.TC03" name="validateAllMissingCountryInDB" time="0.076"/>
  <testcase classname="com.geminisols.countries_test_automation.TestBase" name="@AfterSuite afterSuite" time="0.0">
    <ignored/>
  </testcase> <!-- @AfterSuite afterSuite -->
  <testcase classname="com.geminisols.countries_test_automation.TestBase" name="@BeforeSuite createReport" time="0.0">
    <ignored/>
  </testcase> <!-- @BeforeSuite createReport -->
</testsuite> <!-- Test -->
